Using pre-set license
Built from '2020.3/staging' branch; Version is '2020.3.16f1 (049d6eca3c44) revision 302446'; Using compiler version '192528614'; Build Type 'Release'
OS: 'Windows 10 Home; OS build 19042.1348; Version 2009; 64bit' Language: 'en' Physical Memory: 16333 MB
BatchMode: 1, IsHumanControllingUs: 0, StartBugReporterOnCrash: 0, Is64bit: 1, IsPro: 0

 COMMAND LINE ARGUMENTS:
D:\Unity\2020.3.16f1\Editor\Unity.exe
-adb2
-batchMode
-noUpm
-name
AssetImportWorker0
-projectPath
C:/Users/HS/Documents/GitHub/GameOff-Jam/GameOff Jam
-logFile
Logs/AssetImportWorker0.log
-srvPort
63852
Successfully changed project path to: C:/Users/HS/Documents/GitHub/GameOff-Jam/GameOff Jam
C:/Users/HS/Documents/GitHub/GameOff-Jam/GameOff Jam
Using Asset Import Pipeline V2.
Refreshing native plugins compatible for Editor in 139.15 ms, found 2 plugins.
Preloading 0 native plugins for Editor in 0.00 ms.
Initialize engine version: 2020.3.16f1 (049d6eca3c44)
[Subsystems] Discovering subsystems at path D:/Unity/2020.3.16f1/Editor/Data/Resources/UnitySubsystems
[Subsystems] Discovering subsystems at path C:/Users/HS/Documents/GitHub/GameOff-Jam/GameOff Jam/Assets
GfxDevice: creating device client; threaded=0
Direct3D:
    Version:  Direct3D 11.0 [level 11.1]
    Renderer: NVIDIA GeForce RTX 2070 SUPER (ID=0x1e84)
    Vendor:   
    VRAM:     8011 MB
    Driver:   30.0.14.7196
Shader 'Universal Render Pipeline/Particles/Lit': fallback shader 'Universal Render Pipeline/Particles/SimpleLit' not found
Initialize mono
Mono path[0] = 'D:/Unity/2020.3.16f1/Editor/Data/Managed'
Mono path[1] = 'D:/Unity/2020.3.16f1/Editor/Data/MonoBleedingEdge/lib/mono/unityjit'
Mono config path = 'D:/Unity/2020.3.16f1/Editor/Data/MonoBleedingEdge/etc'
Using monoOptions --debugger-agent=transport=dt_socket,embedding=1,server=y,suspend=n,address=127.0.0.1:56004
Begin MonoManager ReloadAssembly
Registering precompiled unity dll's ...
Register platform support module: D:/Unity/2020.3.16f1/Editor/Data/PlaybackEngines/WindowsStandaloneSupport/UnityEditor.WindowsStandalone.Extensions.dll
Registered in 0.001657 seconds.
Native extension for WindowsStandalone target not found
Refreshing native plugins compatible for Editor in 130.79 ms, found 2 plugins.
Preloading 0 native plugins for Editor in 0.00 ms.
Mono: successfully reloaded assembly
- Completed reload, in  1.306 seconds
Domain Reload Profiling:
	ReloadAssembly (1307ms)
		BeginReloadAssembly (50ms)
			ExecutionOrderSort (0ms)
			DisableScriptedObjects (0ms)
			BackupInstance (0ms)
			ReleaseScriptingObjects (0ms)
			CreateAndSetChildDomain (1ms)
		EndReloadAssembly (548ms)
			LoadAssemblies (49ms)
			RebuildTransferFunctionScriptingTraits (0ms)
			SetupTypeCache (197ms)
			ReleaseScriptCaches (0ms)
			RebuildScriptCaches (31ms)
			SetupLoadedEditorAssemblies (247ms)
				LogAssemblyErrors (0ms)
				InitializePlatformSupportModulesInManaged (4ms)
				SetLoadedEditorAssemblies (0ms)
				RefreshPlugins (131ms)
				BeforeProcessingInitializeOnLoad (16ms)
				ProcessInitializeOnLoadAttributes (69ms)
				ProcessInitializeOnLoadMethodAttributes (26ms)
				AfterProcessingInitializeOnLoad (0ms)
				EditorAssembliesLoaded (0ms)
			ExecutionOrderSort2 (0ms)
			AwakeInstancesAfterBackupRestoration (0ms)
Platform modules already initialized, skipping
Registering precompiled user dll's ...
Registered in 0.005854 seconds.
Begin MonoManager ReloadAssembly
Native extension for WindowsStandalone target not found
Refreshing native plugins compatible for Editor in 168.91 ms, found 2 plugins.
Preloading 0 native plugins for Editor in 0.00 ms.
Mono: successfully reloaded assembly
- Completed reload, in  2.027 seconds
Domain Reload Profiling:
	ReloadAssembly (2029ms)
		BeginReloadAssembly (113ms)
			ExecutionOrderSort (0ms)
			DisableScriptedObjects (4ms)
			BackupInstance (0ms)
			ReleaseScriptingObjects (0ms)
			CreateAndSetChildDomain (16ms)
		EndReloadAssembly (1866ms)
			LoadAssemblies (82ms)
			RebuildTransferFunctionScriptingTraits (0ms)
			SetupTypeCache (347ms)
			ReleaseScriptCaches (3ms)
			RebuildScriptCaches (158ms)
			SetupLoadedEditorAssemblies (982ms)
				LogAssemblyErrors (0ms)
				InitializePlatformSupportModulesInManaged (8ms)
				SetLoadedEditorAssemblies (0ms)
				RefreshPlugins (170ms)
				BeforeProcessingInitializeOnLoad (159ms)
				ProcessInitializeOnLoadAttributes (457ms)
				ProcessInitializeOnLoadMethodAttributes (185ms)
				AfterProcessingInitializeOnLoad (3ms)
				EditorAssembliesLoaded (0ms)
			ExecutionOrderSort2 (0ms)
			AwakeInstancesAfterBackupRestoration (10ms)
Platform modules already initialized, skipping
========================================================================
Worker process is ready to serve import requests
Shader 'Universal Render Pipeline/Particles/Lit': fallback shader 'Universal Render Pipeline/Particles/SimpleLit' not found
Launched and connected shader compiler UnityShaderCompiler.exe after 0.09 seconds
Refreshing native plugins compatible for Editor in 1.93 ms, found 2 plugins.
Preloading 0 native plugins for Editor in 0.00 ms.
Unloading 4588 Unused Serialized files (Serialized files now loaded: 0)
System memory in use before: 222.8 MB.
System memory in use after: 223.0 MB.

Unloading 20 unused Assets to reduce memory usage. Loaded Objects now: 5034.
Total: 8.190800 ms (FindLiveObjects: 1.103300 ms CreateObjectMapping: 0.192300 ms MarkObjects: 6.730700 ms  DeleteObjects: 0.162100 ms)

AssetImportParameters requested are different than current active one (requested -> active):
  custom:framework-win-MediaFoundation: 216162199b28c13a410421893ffa2e32 -> 
  custom:video-decoder-ogg-theora: a1e56fd34408186e4bbccfd4996cb3dc -> 
  custom:container-muxer-webm: aa71ff27fc2769a1b78a27578f13a17b -> 
  custom:container-demuxer-webm: 4f35f7cbe854078d1ac9338744f61a02 -> 
  custom:container-demuxer-ogg: 62fdf1f143b41e24485cea50d1cbac27 -> 
  custom:video-encoder-webm-vp8: eb34c28f22e8b96e1ab97ce403110664 -> 
  custom:video-decoder-webm-vp8: 9c59270c3fd7afecdb556c50c9e8de78 -> 
  custom:audio-decoder-ogg-vorbis: bf7c407c2cedff20999df2af8eb42d56 -> 
  custom:audio-encoder-webm-vorbis: bf7c407c2cedff20999df2af8eb42d56 -> 
========================================================================
Received Import Request.
  path: Assets
  artifactKey: Guid(00000000000000001000000000000000) Importer(815301076,1909f56bfc062723c751e8b465ee728b)
Start importing Assets using Guid(00000000000000001000000000000000) Importer(815301076,1909f56bfc062723c751e8b465ee728b)  -> (artifact id: '42d402b061de3733987d63b9cc3b64de') in 0.018854 seconds 
  Import took 0.029906 seconds .

========================================================================
Received Import Request.
  Time since last request: 2.718745 seconds.
  path: Assets/Custom_Assets
  artifactKey: Guid(d152fca543349cf4c8f22dca3d5c6e43) Importer(815301076,1909f56bfc062723c751e8b465ee728b)
Start importing Assets/Custom_Assets using Guid(d152fca543349cf4c8f22dca3d5c6e43) Importer(815301076,1909f56bfc062723c751e8b465ee728b)  -> (artifact id: 'e3db0e68610695a09630892133845c7e') in 0.005229 seconds 
  Import took 0.018099 seconds .

========================================================================
Received Import Request.
  Time since last request: 0.007127 seconds.
  path: Assets/Custom_Assets
  artifactKey: Guid(d152fca543349cf4c8f22dca3d5c6e43) Importer(815301076,1909f56bfc062723c751e8b465ee728b)
Start importing Assets/Custom_Assets using Guid(d152fca543349cf4c8f22dca3d5c6e43) Importer(815301076,1909f56bfc062723c751e8b465ee728b)  -> (artifact id: 'e3db0e68610695a09630892133845c7e') in 0.005283 seconds 
  Import took 0.018378 seconds .

========================================================================
Received Import Request.
  Time since last request: 6.102055 seconds.
  path: Assets/Custom_Assets/Scenes
  artifactKey: Guid(58998d89e570e684182851f4355fae9e) Importer(815301076,1909f56bfc062723c751e8b465ee728b)
Start importing Assets/Custom_Assets/Scenes using Guid(58998d89e570e684182851f4355fae9e) Importer(815301076,1909f56bfc062723c751e8b465ee728b)  -> (artifact id: 'a23684d9e89d3063e4d7da7114c4c097') in 0.005785 seconds 
  Import took 0.018743 seconds .

========================================================================
Received Import Request.
  Time since last request: 0.009335 seconds.
  path: Assets/Custom_Assets/Scenes
  artifactKey: Guid(58998d89e570e684182851f4355fae9e) Importer(815301076,1909f56bfc062723c751e8b465ee728b)
Start importing Assets/Custom_Assets/Scenes using Guid(58998d89e570e684182851f4355fae9e) Importer(815301076,1909f56bfc062723c751e8b465ee728b)  -> (artifact id: 'a23684d9e89d3063e4d7da7114c4c097') in 0.004598 seconds 
  Import took 0.016719 seconds .

========================================================================
Received Import Request.
  Time since last request: 9.585875 seconds.
  path: Assets/Custom_Assets/Scenes/GameScene.unity
  artifactKey: Guid(c283e82e21439704595b48afce268b07) Importer(815301076,1909f56bfc062723c751e8b465ee728b)
Start importing Assets/Custom_Assets/Scenes/GameScene.unity using Guid(c283e82e21439704595b48afce268b07) Importer(815301076,1909f56bfc062723c751e8b465ee728b)  -> (artifact id: 'bc10eba03fefb392d346cbce270cc376') in 0.015720 seconds 
  Import took 0.028341 seconds .

========================================================================
Received Import Request.
  Time since last request: 0.002228 seconds.
  path: Assets/Custom_Assets/Scenes/GameScene.unity
  artifactKey: Guid(c283e82e21439704595b48afce268b07) Importer(815301076,1909f56bfc062723c751e8b465ee728b)
Start importing Assets/Custom_Assets/Scenes/GameScene.unity using Guid(c283e82e21439704595b48afce268b07) Importer(815301076,1909f56bfc062723c751e8b465ee728b)  -> (artifact id: 'bc10eba03fefb392d346cbce270cc376') in 0.005962 seconds 
  Import took 0.018306 seconds .

AssetImportWorkerClient::OnTransportError - code=2 error=End of file
